<?xml version="1.0" encoding="UTF-8"?>
<!-- Generated by org.testng.reporters.JUnitReportReporter -->
<testsuite skipped="0" hostname="DESKTOP-0PBDDU7" name="Maven.Selenium.testCase" tests="5" failures="0" timestamp="09 Feb 2019 05:59:49 GMT" time="17.865" errors="0">
  <testcase name="TC01_Fligth_Page" time="5.403" classname="Maven.Selenium.testCase"/>
  <testcase name="TC02_Flight_Selection_Page" time="2.406" classname="Maven.Selenium.testCase"/>
  <testcase name="TC03_Validation_Price_Amount" time="4.565" classname="Maven.Selenium.testCase"/>
  <testcase name="TC04_Presonal_Info" time="2.908" classname="Maven.Selenium.testCase"/>
  <testcase name="TC_05_Generate_Ticket" time="2.583" classname="Maven.Selenium.testCase"/>
</testsuite> <!-- Maven.Selenium.testCase -->
